<?xml version="1.0" encoding="UTF-8"?>
<!-- Generated by org.testng.reporters.JUnitReportReporter -->
<testsuite hostname="DESKTOP-NCVBLRV" name="com.lemon.api.auto.AllTestCase" tests="11" failures="0" timestamp="30 Nov 2018 06:29:22 GMT" time="1.178" errors="0">
  <testcase name="f4" time="0.116" classname="com.lemon.api.auto.AllTestCase"/>
  <testcase name="f4" time="0.053" classname="com.lemon.api.auto.AllTestCase"/>
  <testcase name="f4" time="0.055" classname="com.lemon.api.auto.AllTestCase"/>
  <testcase name="f4" time="0.047" classname="com.lemon.api.auto.AllTestCase"/>
  <testcase name="f4" time="0.050" classname="com.lemon.api.auto.AllTestCase"/>
  <testcase name="f4" time="0.042" classname="com.lemon.api.auto.AllTestCase"/>
  <testcase name="f4" time="0.046" classname="com.lemon.api.auto.AllTestCase"/>
  <testcase name="f4" time="0.069" classname="com.lemon.api.auto.AllTestCase"/>
  <testcase name="f4" time="0.062" classname="com.lemon.api.auto.AllTestCase"/>
  <testcase name="f4" time="0.595" classname="com.lemon.api.auto.AllTestCase"/>
  <testcase name="f4" time="0.043" classname="com.lemon.api.auto.AllTestCase"/>
</testsuite> <!-- com.lemon.api.auto.AllTestCase -->
