<?xml version="1.0" encoding="UTF-8"?>
<!-- Generated by org.testng.reporters.JUnitReportReporter -->
<testsuite hostname="DESKTOP-NCVBLRV" name="com.lemon.api.auto.testCase.GetTester" tests="10" failures="0" timestamp="5 Dec 2018 01:47:15 GMT" time="0.830" errors="0">
  <testcase name="f4" time="0.030" classname="com.lemon.api.auto.testCase.GetTester"/>
  <testcase name="f4" time="0.041" classname="com.lemon.api.auto.testCase.GetTester"/>
  <testcase name="f4" time="0.031" classname="com.lemon.api.auto.testCase.GetTester"/>
  <testcase name="f4" time="0.036" classname="com.lemon.api.auto.testCase.GetTester"/>
  <testcase name="f4" time="0.489" classname="com.lemon.api.auto.testCase.GetTester"/>
  <testcase name="f4" time="0.039" classname="com.lemon.api.auto.testCase.GetTester"/>
  <testcase name="f4" time="0.048" classname="com.lemon.api.auto.testCase.GetTester"/>
  <testcase name="f4" time="0.040" classname="com.lemon.api.auto.testCase.GetTester"/>
  <testcase name="f4" time="0.029" classname="com.lemon.api.auto.testCase.GetTester"/>
  <testcase name="f4" time="0.047" classname="com.lemon.api.auto.testCase.GetTester"/>
</testsuite> <!-- com.lemon.api.auto.testCase.GetTester -->
