<?xml version="1.0" encoding="UTF-8"?>
<!-- Generated by org.testng.reporters.JUnitReportReporter -->
<testsuite hostname="DESKTOP-NCVBLRV" name="com.lemon.api.auto.PostTester" tests="4" failures="0" timestamp="29 Nov 2018 15:24:47 GMT" time="0.707" errors="0">
  <testcase name="post" time="0.059" classname="com.lemon.api.auto.PostTester"/>
  <testcase name="post" time="0.541" classname="com.lemon.api.auto.PostTester"/>
  <testcase name="post" time="0.058" classname="com.lemon.api.auto.PostTester"/>
  <testcase name="post" time="0.049" classname="com.lemon.api.auto.PostTester"/>
</testsuite> <!-- com.lemon.api.auto.PostTester -->
