<?xml version="1.0" encoding="UTF-8"?>
<!-- Generated by org.testng.reporters.JUnitReportReporter -->
<testsuite hostname="DESKTOP-NCVBLRV" name="com.lemon.api.auto.testCase.PostTester" tests="4" failures="0" timestamp="5 Dec 2018 01:32:56 GMT" time="0.016" errors="0">
  <testcase name="post" time="0.003" classname="com.lemon.api.auto.testCase.PostTester"/>
  <testcase name="post" time="0.010" classname="com.lemon.api.auto.testCase.PostTester"/>
  <testcase name="post" time="0.003" classname="com.lemon.api.auto.testCase.PostTester"/>
  <testcase name="post" time="0.000" classname="com.lemon.api.auto.testCase.PostTester"/>
</testsuite> <!-- com.lemon.api.auto.testCase.PostTester -->
