<?xml version="1.0" encoding="UTF-8"?>
<!-- Generated by org.testng.reporters.JUnitReportReporter -->
<testsuite hostname="DESKTOP-NCVBLRV" name="com.lemon.api.auto.testCase.AllTestCase" tests="28" failures="0" timestamp="15 Dec 2018 08:08:21 GMT" time="4.574" errors="9">
  <testcase name="f" time="0.023" classname="com.lemon.api.auto.testCase.AllTestCase"/>
  <testcase name="f" time="0.026" classname="com.lemon.api.auto.testCase.AllTestCase">
    <error type="java.lang.AssertionError" message="expected [{&quot;status&quot;:0,&quot;code&quot;:&quot;20119&quot;,&quot;data&quot;:null,&quot;msg&quot;:&quot;余额不足，请修改提现额度&quot;}] but found [{&quot;status&quot;:1,&quot;code&quot;:&quot;20119&quot;,&quot;data&quot;:null,&quot;msg&quot;:&quot;余额不足，请修改提现额度&quot;}]">
      <![CDATA[java.lang.AssertionError: expected [{"status":0,"code":"20119","data":null,"msg":"余额不足，请修改提现额度"}] but found [{"status":1,"code":"20119","data":null,"msg":"余额不足，请修改提现额度"}]
	at org.testng.Assert.fail(Assert.java:94)
	at org.testng.Assert.failNotEquals(Assert.java:494)
	at org.testng.Assert.assertEquals(Assert.java:123)
	at org.testng.Assert.assertEquals(Assert.java:176)
	at org.testng.Assert.assertEquals(Assert.java:186)
	at com.lemon.api.auto.testCase.AllTestCase.f(AllTestCase.java:125)
	at sun.reflect.GeneratedMethodAccessor11.invoke(Unknown Source)
	at sun.reflect.DelegatingMethodAccessorImpl.invoke(Unknown Source)
	at java.lang.reflect.Method.invoke(Unknown Source)
	at org.testng.internal.MethodInvocationHelper.invokeMethod(MethodInvocationHelper.java:84)
	at org.testng.internal.Invoker.invokeMethod(Invoker.java:714)
	at org.testng.internal.Invoker.invokeTestMethod(Invoker.java:901)
	at org.testng.internal.Invoker.invokeTestMethods(Invoker.java:1231)
	at org.testng.internal.TestMethodWorker.invokeTestMethods(TestMethodWorker.java:127)
	at org.testng.internal.TestMethodWorker.run(TestMethodWorker.java:111)
	at org.testng.TestRunner.privateRun(TestRunner.java:767)
	at org.testng.TestRunner.run(TestRunner.java:617)
	at org.testng.SuiteRunner.runTest(SuiteRunner.java:348)
	at org.testng.SuiteRunner.runSequentially(SuiteRunner.java:343)
	at org.testng.SuiteRunner.privateRun(SuiteRunner.java:305)
	at org.testng.SuiteRunner.run(SuiteRunner.java:254)
	at org.testng.SuiteRunnerWorker.runSuite(SuiteRunnerWorker.java:52)
	at org.testng.SuiteRunnerWorker.run(SuiteRunnerWorker.java:86)
	at org.testng.TestNG.runSuitesSequentially(TestNG.java:1224)
	at org.testng.TestNG.runSuitesLocally(TestNG.java:1149)
	at org.testng.TestNG.run(TestNG.java:1057)
	at org.testng.remote.RemoteTestNG.run(RemoteTestNG.java:111)
	at org.testng.remote.RemoteTestNG.initAndRun(RemoteTestNG.java:204)
	at org.testng.remote.RemoteTestNG.main(RemoteTestNG.java:175)
]]>
    </error>
  </testcase> <!-- f -->
  <testcase name="f" time="0.026" classname="com.lemon.api.auto.testCase.AllTestCase">
    <error type="java.lang.AssertionError" message="expected [{&quot;status&quot;:1,&quot;code&quot;:&quot;10001&quot;,&quot;data&quot;:null,&quot;msg&quot;:&quot;提现成功&quot;}] but found [{&quot;status&quot;:1,&quot;code&quot;:&quot;20119&quot;,&quot;data&quot;:null,&quot;msg&quot;:&quot;余额不足，请修改提现额度&quot;}]">
      <![CDATA[java.lang.AssertionError: expected [{"status":1,"code":"10001","data":null,"msg":"提现成功"}] but found [{"status":1,"code":"20119","data":null,"msg":"余额不足，请修改提现额度"}]
	at org.testng.Assert.fail(Assert.java:94)
	at org.testng.Assert.failNotEquals(Assert.java:494)
	at org.testng.Assert.assertEquals(Assert.java:123)
	at org.testng.Assert.assertEquals(Assert.java:176)
	at org.testng.Assert.assertEquals(Assert.java:186)
	at com.lemon.api.auto.testCase.AllTestCase.f(AllTestCase.java:125)
	at sun.reflect.GeneratedMethodAccessor11.invoke(Unknown Source)
	at sun.reflect.DelegatingMethodAccessorImpl.invoke(Unknown Source)
	at java.lang.reflect.Method.invoke(Unknown Source)
	at org.testng.internal.MethodInvocationHelper.invokeMethod(MethodInvocationHelper.java:84)
	at org.testng.internal.Invoker.invokeMethod(Invoker.java:714)
	at org.testng.internal.Invoker.invokeTestMethod(Invoker.java:901)
	at org.testng.internal.Invoker.invokeTestMethods(Invoker.java:1231)
	at org.testng.internal.TestMethodWorker.invokeTestMethods(TestMethodWorker.java:127)
	at org.testng.internal.TestMethodWorker.run(TestMethodWorker.java:111)
	at org.testng.TestRunner.privateRun(TestRunner.java:767)
	at org.testng.TestRunner.run(TestRunner.java:617)
	at org.testng.SuiteRunner.runTest(SuiteRunner.java:348)
	at org.testng.SuiteRunner.runSequentially(SuiteRunner.java:343)
	at org.testng.SuiteRunner.privateRun(SuiteRunner.java:305)
	at org.testng.SuiteRunner.run(SuiteRunner.java:254)
	at org.testng.SuiteRunnerWorker.runSuite(SuiteRunnerWorker.java:52)
	at org.testng.SuiteRunnerWorker.run(SuiteRunnerWorker.java:86)
	at org.testng.TestNG.runSuitesSequentially(TestNG.java:1224)
	at org.testng.TestNG.runSuitesLocally(TestNG.java:1149)
	at org.testng.TestNG.run(TestNG.java:1057)
	at org.testng.remote.RemoteTestNG.run(RemoteTestNG.java:111)
	at org.testng.remote.RemoteTestNG.initAndRun(RemoteTestNG.java:204)
	at org.testng.remote.RemoteTestNG.main(RemoteTestNG.java:175)
]]>
    </error>
  </testcase> <!-- f -->
  <testcase name="f" time="0.042" classname="com.lemon.api.auto.testCase.AllTestCase">
    <error type="java.lang.AssertionError" message="expected [{&quot;status&quot;:0,&quot;code&quot;:&quot;20111&quot;,data:null,&quot;msg&quot;:&quot;用户名或密码错误&quot;}] but found [{&quot;status&quot;:0,&quot;code&quot;:&quot;20111&quot;,&quot;data&quot;:null,&quot;msg&quot;:&quot;用户名或密码错误&quot;}]">
      <![CDATA[java.lang.AssertionError: expected [{"status":0,"code":"20111",data:null,"msg":"用户名或密码错误"}] but found [{"status":0,"code":"20111","data":null,"msg":"用户名或密码错误"}]
	at org.testng.Assert.fail(Assert.java:94)
	at org.testng.Assert.failNotEquals(Assert.java:494)
	at org.testng.Assert.assertEquals(Assert.java:123)
	at org.testng.Assert.assertEquals(Assert.java:176)
	at org.testng.Assert.assertEquals(Assert.java:186)
	at com.lemon.api.auto.testCase.AllTestCase.f(AllTestCase.java:125)
	at sun.reflect.NativeMethodAccessorImpl.invoke0(Native Method)
	at sun.reflect.NativeMethodAccessorImpl.invoke(Unknown Source)
	at sun.reflect.DelegatingMethodAccessorImpl.invoke(Unknown Source)
	at java.lang.reflect.Method.invoke(Unknown Source)
	at org.testng.internal.MethodInvocationHelper.invokeMethod(MethodInvocationHelper.java:84)
	at org.testng.internal.Invoker.invokeMethod(Invoker.java:714)
	at org.testng.internal.Invoker.invokeTestMethod(Invoker.java:901)
	at org.testng.internal.Invoker.invokeTestMethods(Invoker.java:1231)
	at org.testng.internal.TestMethodWorker.invokeTestMethods(TestMethodWorker.java:127)
	at org.testng.internal.TestMethodWorker.run(TestMethodWorker.java:111)
	at org.testng.TestRunner.privateRun(TestRunner.java:767)
	at org.testng.TestRunner.run(TestRunner.java:617)
	at org.testng.SuiteRunner.runTest(SuiteRunner.java:348)
	at org.testng.SuiteRunner.runSequentially(SuiteRunner.java:343)
	at org.testng.SuiteRunner.privateRun(SuiteRunner.java:305)
	at org.testng.SuiteRunner.run(SuiteRunner.java:254)
	at org.testng.SuiteRunnerWorker.runSuite(SuiteRunnerWorker.java:52)
	at org.testng.SuiteRunnerWorker.run(SuiteRunnerWorker.java:86)
	at org.testng.TestNG.runSuitesSequentially(TestNG.java:1224)
	at org.testng.TestNG.runSuitesLocally(TestNG.java:1149)
	at org.testng.TestNG.run(TestNG.java:1057)
	at org.testng.remote.RemoteTestNG.run(RemoteTestNG.java:111)
	at org.testng.remote.RemoteTestNG.initAndRun(RemoteTestNG.java:204)
	at org.testng.remote.RemoteTestNG.main(RemoteTestNG.java:175)
]]>
    </error>
  </testcase> <!-- f -->
  <testcase name="f" time="0.114" classname="com.lemon.api.auto.testCase.AllTestCase"/>
  <testcase name="f" time="2.595" classname="com.lemon.api.auto.testCase.AllTestCase">
    <error type="java.lang.AssertionError" message="expected [{&quot;status&quot;:1,&quot;code&quot;:&quot;10001&quot;,&quot;data&quot;:null,&quot;msg&quot;:&quot;注册成功&quot;}] but found [{&quot;status&quot;:0,&quot;code&quot;:&quot;20110&quot;,&quot;data&quot;:null,&quot;msg&quot;:&quot;手机号码已被注册&quot;}]">
      <![CDATA[java.lang.AssertionError: expected [{"status":1,"code":"10001","data":null,"msg":"注册成功"}] but found [{"status":0,"code":"20110","data":null,"msg":"手机号码已被注册"}]
	at org.testng.Assert.fail(Assert.java:94)
	at org.testng.Assert.failNotEquals(Assert.java:494)
	at org.testng.Assert.assertEquals(Assert.java:123)
	at org.testng.Assert.assertEquals(Assert.java:176)
	at org.testng.Assert.assertEquals(Assert.java:186)
	at com.lemon.api.auto.testCase.AllTestCase.f(AllTestCase.java:125)
	at sun.reflect.NativeMethodAccessorImpl.invoke0(Native Method)
	at sun.reflect.NativeMethodAccessorImpl.invoke(Unknown Source)
	at sun.reflect.DelegatingMethodAccessorImpl.invoke(Unknown Source)
	at java.lang.reflect.Method.invoke(Unknown Source)
	at org.testng.internal.MethodInvocationHelper.invokeMethod(MethodInvocationHelper.java:84)
	at org.testng.internal.Invoker.invokeMethod(Invoker.java:714)
	at org.testng.internal.Invoker.invokeTestMethod(Invoker.java:901)
	at org.testng.internal.Invoker.invokeTestMethods(Invoker.java:1231)
	at org.testng.internal.TestMethodWorker.invokeTestMethods(TestMethodWorker.java:127)
	at org.testng.internal.TestMethodWorker.run(TestMethodWorker.java:111)
	at org.testng.TestRunner.privateRun(TestRunner.java:767)
	at org.testng.TestRunner.run(TestRunner.java:617)
	at org.testng.SuiteRunner.runTest(SuiteRunner.java:348)
	at org.testng.SuiteRunner.runSequentially(SuiteRunner.java:343)
	at org.testng.SuiteRunner.privateRun(SuiteRunner.java:305)
	at org.testng.SuiteRunner.run(SuiteRunner.java:254)
	at org.testng.SuiteRunnerWorker.runSuite(SuiteRunnerWorker.java:52)
	at org.testng.SuiteRunnerWorker.run(SuiteRunnerWorker.java:86)
	at org.testng.TestNG.runSuitesSequentially(TestNG.java:1224)
	at org.testng.TestNG.runSuitesLocally(TestNG.java:1149)
	at org.testng.TestNG.run(TestNG.java:1057)
	at org.testng.remote.RemoteTestNG.run(RemoteTestNG.java:111)
	at org.testng.remote.RemoteTestNG.initAndRun(RemoteTestNG.java:204)
	at org.testng.remote.RemoteTestNG.main(RemoteTestNG.java:175)
]]>
    </error>
  </testcase> <!-- f -->
  <testcase name="f" time="0.026" classname="com.lemon.api.auto.testCase.AllTestCase"/>
  <testcase name="f" time="0.225" classname="com.lemon.api.auto.testCase.AllTestCase"/>
  <testcase name="f" time="0.115" classname="com.lemon.api.auto.testCase.AllTestCase"/>
  <testcase name="f" time="0.026" classname="com.lemon.api.auto.testCase.AllTestCase"/>
  <testcase name="f" time="0.033" classname="com.lemon.api.auto.testCase.AllTestCase"/>
  <testcase name="f" time="0.114" classname="com.lemon.api.auto.testCase.AllTestCase"/>
  <testcase name="f" time="0.025" classname="com.lemon.api.auto.testCase.AllTestCase"/>
  <testcase name="f" time="0.029" classname="com.lemon.api.auto.testCase.AllTestCase"/>
  <testcase name="f" time="0.305" classname="com.lemon.api.auto.testCase.AllTestCase">
    <error type="java.lang.AssertionError" message="expected [{&quot;status&quot;:1,&quot;code&quot;:&quot;10001&quot;,&quot;data&quot;:[{&quot;id&quot;:null,&quot;investId&quot;:&quot;1&quot;,&quot;createTime&quot;:&quot;2018-04-27 12:24:01&quot;,&quot;terms&quot;:&quot;1&quot;,&quot;unfinishedInterest&quot;:&quot;1.0&quot;,&quot;unfinishedPrincipal&quot;:&quot;0&quot;,&quot;repaymentDate&quot;:&quot;2018-05-27 12:24:01&quot;,&quot;actualRepaymentDate&quot;:null,&quot;status&quot;:&quot;0&quot;},{&quot;id&quot;:null,&quot;investId&quot;:&quot;1&quot;,&quot;createTime&quot;:&quot;2018-04-27 12:24:01&quot;,&quot;terms&quot;:&quot;2&quot;,&quot;unfinishedInterest&quot;:&quot;1.0&quot;,&quot;unfinishedPrincipal&quot;:&quot;0&quot;,&quot;repaymentDate&quot;:&quot;2018-06-27 12:24:01&quot;,&quot;actualRepaymentDate&quot;:null,&quot;status&quot;:&quot;0&quot;},{&quot;id&quot;:null,&quot;investId&quot;:&quot;1&quot;,&quot;createTime&quot;:&quot;2018-04-27 12:24:01&quot;,&quot;terms&quot;:&quot;3&quot;,&quot;unfinishedInterest&quot;:&quot;1.0&quot;,&quot;unfinishedPrincipal&quot;:&quot;100.00&quot;,&quot;repaymentDate&quot;:&quot;2018-07-27 12:24:01&quot;,&quot;actualRepaymentDate&quot;:null,&quot;status&quot;:&quot;0&quot;}],&quot;msg&quot;:&quot;生成回款计划成功&quot;}] but found [{&quot;status&quot;:1,&quot;code&quot;:&quot;10001&quot;,&quot;data&quot;:[{&quot;id&quot;:null,&quot;investId&quot;:&quot;16&quot;,&quot;createTime&quot;:&quot;2018-12-15 16:08:21&quot;,&quot;terms&quot;:&quot;1&quot;,&quot;unfinishedInterest&quot;:&quot;1.0&quot;,&quot;unfinishedPrincipal&quot;:&quot;0&quot;,&quot;repaymentDate&quot;:&quot;2019-01-15 16:08:21&quot;,&quot;actualRepaymentDate&quot;:null,&quot;status&quot;:&quot;0&quot;},{&quot;id&quot;:null,&quot;investId&quot;:&quot;16&quot;,&quot;createTime&quot;:&quot;2018-12-15 16:08:21&quot;,&quot;terms&quot;:&quot;2&quot;,&quot;unfinishedInterest&quot;:&quot;1.0&quot;,&quot;unfinishedPrincipal&quot;:&quot;0&quot;,&quot;repaymentDate&quot;:&quot;2019-02-15 16:08:21&quot;,&quot;actualRepaymentDate&quot;:null,&quot;status&quot;:&quot;0&quot;},{&quot;id&quot;:null,&quot;investId&quot;:&quot;16&quot;,&quot;createTime&quot;:&quot;2018-12-15 16:08:21&quot;,&quot;terms&quot;:&quot;3&quot;,&quot;unfinishedInterest&quot;:&quot;1.0&quot;,&quot;unfinishedPrincipal&quot;:&quot;100.00&quot;,&quot;repaymentDate&quot;:&quot;2019-03-15 16:08:21&quot;,&quot;actualRepaymentDate&quot;:null,&quot;status&quot;:&quot;0&quot;},{&quot;id&quot;:null,&quot;investId&quot;:&quot;15&quot;,&quot;createTime&quot;:&quot;2018-12-15 16:08:21&quot;,&quot;terms&quot;:&quot;1&quot;,&quot;unfinishedInterest&quot;:&quot;1.0&quot;,&quot;unfinishedPrincipal&quot;:&quot;0&quot;,&quot;repaymentDate&quot;:&quot;2019-01-15 16:08:21&quot;,&quot;actualRepaymentDate&quot;:null,&quot;status&quot;:&quot;0&quot;},{&quot;id&quot;:null,&quot;investId&quot;:&quot;15&quot;,&quot;createTime&quot;:&quot;2018-12-15 16:08:21&quot;,&quot;terms&quot;:&quot;2&quot;,&quot;unfinishedInterest&quot;:&quot;1.0&quot;,&quot;unfinishedPrincipal&quot;:&quot;0&quot;,&quot;repaymentDate&quot;:&quot;2019-02-15 16:08:21&quot;,&quot;actualRepaymentDate&quot;:null,&quot;status&quot;:&quot;0&quot;},{&quot;id&quot;:null,&quot;investId&quot;:&quot;15&quot;,&quot;createTime&quot;:&quot;2018-12-15 16:08:21&quot;,&quot;terms&quot;:&quot;3&quot;,&quot;unfinishedInterest&quot;:&quot;1.0&quot;,&quot;unfinishedPrincipal&quot;:&quot;100.00&quot;,&quot;repaymentDate&quot;:&quot;2019-03-15 16:08:21&quot;,&quot;actualRepaymentDate&quot;:null,&quot;status&quot;:&quot;0&quot;},{&quot;id&quot;:null,&quot;investId&quot;:&quot;14&quot;,&quot;createTime&quot;:&quot;2018-12-15 16:08:21&quot;,&quot;terms&quot;:&quot;1&quot;,&quot;unfinishedInterest&quot;:&quot;1.0&quot;,&quot;unfinishedPrincipal&quot;:&quot;0&quot;,&quot;repaymentDate&quot;:&quot;2019-01-15 16:08:21&quot;,&quot;actualRepaymentDate&quot;:null,&quot;status&quot;:&quot;0&quot;},{&quot;id&quot;:null,&quot;investId&quot;:&quot;14&quot;,&quot;createTime&quot;:&quot;2018-12-15 16:08:21&quot;,&quot;terms&quot;:&quot;2&quot;,&quot;unfinishedInterest&quot;:&quot;1.0&quot;,&quot;unfinishedPrincipal&quot;:&quot;0&quot;,&quot;repaymentDate&quot;:&quot;2019-02-15 16:08:21&quot;,&quot;actualRepaymentDate&quot;:null,&quot;status&quot;:&quot;0&quot;},{&quot;id&quot;:null,&quot;investId&quot;:&quot;14&quot;,&quot;createTime&quot;:&quot;2018-12-15 16:08:21&quot;,&quot;terms&quot;:&quot;3&quot;,&quot;unfinishedInterest&quot;:&quot;1.0&quot;,&quot;unfinishedPrincipal&quot;:&quot;100.00&quot;,&quot;repaymentDate&quot;:&quot;2019-03-15 16:08:21&quot;,&quot;actualRepaymentDate&quot;:null,&quot;status&quot;:&quot;0&quot;},{&quot;id&quot;:null,&quot;investId&quot;:&quot;13&quot;,&quot;createTime&quot;:&quot;2018-12-15 16:08:21&quot;,&quot;terms&quot;:&quot;1&quot;,&quot;unfinishedInterest&quot;:&quot;1.0&quot;,&quot;unfinishedPrincipal&quot;:&quot;0&quot;,&quot;repaymentDate&quot;:&quot;2019-01-15 16:08:21&quot;,&quot;actualRepaymentDate&quot;:null,&quot;status&quot;:&quot;0&quot;},{&quot;id&quot;:null,&quot;investId&quot;:&quot;13&quot;,&quot;createTime&quot;:&quot;2018-12-15 16:08:21&quot;,&quot;terms&quot;:&quot;2&quot;,&quot;unfinishedInterest&quot;:&quot;1.0&quot;,&quot;unfinishedPrincipal&quot;:&quot;0&quot;,&quot;repaymentDate&quot;:&quot;2019-02-15 16:08:21&quot;,&quot;actualRepaymentDate&quot;:null,&quot;status&quot;:&quot;0&quot;},{&quot;id&quot;:null,&quot;investId&quot;:&quot;13&quot;,&quot;createTime&quot;:&quot;2018-12-15 16:08:21&quot;,&quot;terms&quot;:&quot;3&quot;,&quot;unfinishedInterest&quot;:&quot;1.0&quot;,&quot;unfinishedPrincipal&quot;:&quot;100.00&quot;,&quot;repaymentDate&quot;:&quot;2019-03-15 16:08:21&quot;,&quot;actualRepaymentDate&quot;:null,&quot;status&quot;:&quot;0&quot;},{&quot;id&quot;:null,&quot;investId&quot;:&quot;12&quot;,&quot;createTime&quot;:&quot;2018-12-15 16:08:21&quot;,&quot;terms&quot;:&quot;1&quot;,&quot;unfinishedInterest&quot;:&quot;1.0&quot;,&quot;unfinishedPrincipal&quot;:&quot;0&quot;,&quot;repaymentDate&quot;:&quot;2019-01-15 16:08:21&quot;,&quot;actualRepaymentDate&quot;:null,&quot;status&quot;:&quot;0&quot;},{&quot;id&quot;:null,&quot;investId&quot;:&quot;12&quot;,&quot;createTime&quot;:&quot;2018-12-15 16:08:21&quot;,&quot;terms&quot;:&quot;2&quot;,&quot;unfinishedInterest&quot;:&quot;1.0&quot;,&quot;unfinishedPrincipal&quot;:&quot;0&quot;,&quot;repaymentDate&quot;:&quot;2019-02-15 16:08:21&quot;,&quot;actualRepaymentDate&quot;:null,&quot;status&quot;:&quot;0&quot;},{&quot;id&quot;:null,&quot;investId&quot;:&quot;12&quot;,&quot;createTime&quot;:&quot;2018-12-15 16:08:21&quot;,&quot;terms&quot;:&quot;3&quot;,&quot;unfinishedInterest&quot;:&quot;1.0&quot;,&quot;unfinishedPrincipal&quot;:&quot;100.00&quot;,&quot;repaymentDate&quot;:&quot;2019-03-15 16:08:21&quot;,&quot;actualRepaymentDate&quot;:null,&quot;status&quot;:&quot;0&quot;},{&quot;id&quot;:null,&quot;investId&quot;:&quot;11&quot;,&quot;createTime&quot;:&quot;2018-12-15 16:08:21&quot;,&quot;terms&quot;:&quot;1&quot;,&quot;unfinishedInterest&quot;:&quot;1.0&quot;,&quot;unfinishedPrincipal&quot;:&quot;0&quot;,&quot;repaymentDate&quot;:&quot;2019-01-15 16:08:21&quot;,&quot;actualRepaymentDate&quot;:null,&quot;status&quot;:&quot;0&quot;},{&quot;id&quot;:null,&quot;investId&quot;:&quot;11&quot;,&quot;createTime&quot;:&quot;2018-12-15 16:08:21&quot;,&quot;terms&quot;:&quot;2&quot;,&quot;unfinishedInterest&quot;:&quot;1.0&quot;,&quot;unfinishedPrincipal&quot;:&quot;0&quot;,&quot;repaymentDate&quot;:&quot;2019-02-15 16:08:21&quot;,&quot;actualRepaymentDate&quot;:null,&quot;status&quot;:&quot;0&quot;},{&quot;id&quot;:null,&quot;investId&quot;:&quot;11&quot;,&quot;createTime&quot;:&quot;2018-12-15 16:08:21&quot;,&quot;terms&quot;:&quot;3&quot;,&quot;unfinishedInterest&quot;:&quot;1.0&quot;,&quot;unfinishedPrincipal&quot;:&quot;100.00&quot;,&quot;repaymentDate&quot;:&quot;2019-03-15 16:08:21&quot;,&quot;actualRepaymentDate&quot;:null,&quot;status&quot;:&quot;0&quot;},{&quot;id&quot;:null,&quot;investId&quot;:&quot;10&quot;,&quot;createTime&quot;:&quot;2018-12-15 16:08:21&quot;,&quot;terms&quot;:&quot;1&quot;,&quot;unfinishedInterest&quot;:&quot;1.0&quot;,&quot;unfinishedPrincipal&quot;:&quot;0&quot;,&quot;repaymentDate&quot;:&quot;2019-01-15 16:08:21&quot;,&quot;actualRepaymentDate&quot;:null,&quot;status&quot;:&quot;0&quot;},{&quot;id&quot;:null,&quot;investId&quot;:&quot;10&quot;,&quot;createTime&quot;:&quot;2018-12-15 16:08:21&quot;,&quot;terms&quot;:&quot;2&quot;,&quot;unfinishedInterest&quot;:&quot;1.0&quot;,&quot;unfinishedPrincipal&quot;:&quot;0&quot;,&quot;repaymentDate&quot;:&quot;2019-02-15 16:08:21&quot;,&quot;actualRepaymentDate&quot;:null,&quot;status&quot;:&quot;0&quot;},{&quot;id&quot;:null,&quot;investId&quot;:&quot;10&quot;,&quot;createTime&quot;:&quot;2018-12-15 16:08:21&quot;,&quot;terms&quot;:&quot;3&quot;,&quot;unfinishedInterest&quot;:&quot;1.0&quot;,&quot;unfinishedPrincipal&quot;:&quot;100.00&quot;,&quot;repaymentDate&quot;:&quot;2019-03-15 16:08:21&quot;,&quot;actualRepaymentDate&quot;:null,&quot;status&quot;:&quot;0&quot;},{&quot;id&quot;:null,&quot;investId&quot;:&quot;9&quot;,&quot;createTime&quot;:&quot;2018-12-15 16:08:21&quot;,&quot;terms&quot;:&quot;1&quot;,&quot;unfinishedInterest&quot;:&quot;1.0&quot;,&quot;unfinishedPrincipal&quot;:&quot;0&quot;,&quot;repaymentDate&quot;:&quot;2019-01-15 16:08:21&quot;,&quot;actualRepaymentDate&quot;:null,&quot;status&quot;:&quot;0&quot;},{&quot;id&quot;:null,&quot;investId&quot;:&quot;9&quot;,&quot;createTime&quot;:&quot;2018-12-15 16:08:21&quot;,&quot;terms&quot;:&quot;2&quot;,&quot;unfinishedInterest&quot;:&quot;1.0&quot;,&quot;unfinishedPrincipal&quot;:&quot;0&quot;,&quot;repaymentDate&quot;:&quot;2019-02-15 16:08:21&quot;,&quot;actualRepaymentDate&quot;:null,&quot;status&quot;:&quot;0&quot;},{&quot;id&quot;:null,&quot;investId&quot;:&quot;9&quot;,&quot;createTime&quot;:&quot;2018-12-15 16:08:21&quot;,&quot;terms&quot;:&quot;3&quot;,&quot;unfinishedInterest&quot;:&quot;1.0&quot;,&quot;unfinishedPrincipal&quot;:&quot;100.00&quot;,&quot;repaymentDate&quot;:&quot;2019-03-15 16:08:21&quot;,&quot;actualRepaymentDate&quot;:null,&quot;status&quot;:&quot;0&quot;},{&quot;id&quot;:null,&quot;investId&quot;:&quot;8&quot;,&quot;createTime&quot;:&quot;2018-12-15 16:08:21&quot;,&quot;terms&quot;:&quot;1&quot;,&quot;unfinishedInterest&quot;:&quot;1.0&quot;,&quot;unfinishedPrincipal&quot;:&quot;0&quot;,&quot;repaymentDate&quot;:&quot;2019-01-15 16:08:21&quot;,&quot;actualRepaymentDate&quot;:null,&quot;status&quot;:&quot;0&quot;},{&quot;id&quot;:null,&quot;investId&quot;:&quot;8&quot;,&quot;createTime&quot;:&quot;2018-12-15 16:08:21&quot;,&quot;terms&quot;:&quot;2&quot;,&quot;unfinishedInterest&quot;:&quot;1.0&quot;,&quot;unfinishedPrincipal&quot;:&quot;0&quot;,&quot;repaymentDate&quot;:&quot;2019-02-15 16:08:21&quot;,&quot;actualRepaymentDate&quot;:null,&quot;status&quot;:&quot;0&quot;},{&quot;id&quot;:null,&quot;investId&quot;:&quot;8&quot;,&quot;createTime&quot;:&quot;2018-12-15 16:08:21&quot;,&quot;terms&quot;:&quot;3&quot;,&quot;unfinishedInterest&quot;:&quot;1.0&quot;,&quot;unfinishedPrincipal&quot;:&quot;100.00&quot;,&quot;repaymentDate&quot;:&quot;2019-03-15 16:08:21&quot;,&quot;actualRepaymentDate&quot;:null,&quot;status&quot;:&quot;0&quot;},{&quot;id&quot;:null,&quot;investId&quot;:&quot;7&quot;,&quot;createTime&quot;:&quot;2018-12-15 16:08:21&quot;,&quot;terms&quot;:&quot;1&quot;,&quot;unfinishedInterest&quot;:&quot;1.0&quot;,&quot;unfinishedPrincipal&quot;:&quot;0&quot;,&quot;repaymentDate&quot;:&quot;2019-01-15 16:08:21&quot;,&quot;actualRepaymentDate&quot;:null,&quot;status&quot;:&quot;0&quot;},{&quot;id&quot;:null,&quot;investId&quot;:&quot;7&quot;,&quot;createTime&quot;:&quot;2018-12-15 16:08:21&quot;,&quot;terms&quot;:&quot;2&quot;,&quot;unfinishedInterest&quot;:&quot;1.0&quot;,&quot;unfinishedPrincipal&quot;:&quot;0&quot;,&quot;repaymentDate&quot;:&quot;2019-02-15 16:08:21&quot;,&quot;actualRepaymentDate&quot;:null,&quot;status&quot;:&quot;0&quot;},{&quot;id&quot;:null,&quot;investId&quot;:&quot;7&quot;,&quot;createTime&quot;:&quot;2018-12-15 16:08:21&quot;,&quot;terms&quot;:&quot;3&quot;,&quot;unfinishedInterest&quot;:&quot;1.0&quot;,&quot;unfinishedPrincipal&quot;:&quot;100.00&quot;,&quot;repaymentDate&quot;:&quot;2019-03-15 16:08:21&quot;,&quot;actualRepaymentDate&quot;:null,&quot;status&quot;:&quot;0&quot;},{&quot;id&quot;:null,&quot;investId&quot;:&quot;6&quot;,&quot;createTime&quot;:&quot;2018-12-15 16:08:21&quot;,&quot;terms&quot;:&quot;1&quot;,&quot;unfinishedInterest&quot;:&quot;1.0&quot;,&quot;unfinishedPrincipal&quot;:&quot;0&quot;,&quot;repaymentDate&quot;:&quot;2019-01-15 16:08:21&quot;,&quot;actualRepaymentDate&quot;:null,&quot;status&quot;:&quot;0&quot;},{&quot;id&quot;:null,&quot;investId&quot;:&quot;6&quot;,&quot;createTime&quot;:&quot;2018-12-15 16:08:21&quot;,&quot;terms&quot;:&quot;2&quot;,&quot;unfinishedInterest&quot;:&quot;1.0&quot;,&quot;unfinishedPrincipal&quot;:&quot;0&quot;,&quot;repaymentDate&quot;:&quot;2019-02-15 16:08:21&quot;,&quot;actualRepaymentDate&quot;:null,&quot;status&quot;:&quot;0&quot;},{&quot;id&quot;:null,&quot;investId&quot;:&quot;6&quot;,&quot;createTime&quot;:&quot;2018-12-15 16:08:21&quot;,&quot;terms&quot;:&quot;3&quot;,&quot;unfinishedInterest&quot;:&quot;1.0&quot;,&quot;unfinishedPrincipal&quot;:&quot;100.00&quot;,&quot;repaymentDate&quot;:&quot;2019-03-15 16:08:21&quot;,&quot;actualRepaymentDate&quot;:null,&quot;status&quot;:&quot;0&quot;},{&quot;id&quot;:null,&quot;investId&quot;:&quot;5&quot;,&quot;createTime&quot;:&quot;2018-12-15 16:08:21&quot;,&quot;terms&quot;:&quot;1&quot;,&quot;unfinishedInterest&quot;:&quot;1.0&quot;,&quot;unfinishedPrincipal&quot;:&quot;0&quot;,&quot;repaymentDate&quot;:&quot;2019-01-15 16:08:21&quot;,&quot;actualRepaymentDate&quot;:null,&quot;status&quot;:&quot;0&quot;},{&quot;id&quot;:null,&quot;investId&quot;:&quot;5&quot;,&quot;createTime&quot;:&quot;2018-12-15 16:08:21&quot;,&quot;terms&quot;:&quot;2&quot;,&quot;unfinishedInterest&quot;:&quot;1.0&quot;,&quot;unfinishedPrincipal&quot;:&quot;0&quot;,&quot;repaymentDate&quot;:&quot;2019-02-15 16:08:21&quot;,&quot;actualRepaymentDate&quot;:null,&quot;status&quot;:&quot;0&quot;},{&quot;id&quot;:null,&quot;investId&quot;:&quot;5&quot;,&quot;createTime&quot;:&quot;2018-12-15 16:08:21&quot;,&quot;terms&quot;:&quot;3&quot;,&quot;unfinishedInterest&quot;:&quot;1.0&quot;,&quot;unfinishedPrincipal&quot;:&quot;100.00&quot;,&quot;repaymentDate&quot;:&quot;2019-03-15 16:08:21&quot;,&quot;actualRepaymentDate&quot;:null,&quot;status&quot;:&quot;0&quot;},{&quot;id&quot;:null,&quot;investId&quot;:&quot;4&quot;,&quot;createTime&quot;:&quot;2018-12-15 16:08:21&quot;,&quot;terms&quot;:&quot;1&quot;,&quot;unfinishedInterest&quot;:&quot;1.0&quot;,&quot;unfinishedPrincipal&quot;:&quot;0&quot;,&quot;repaymentDate&quot;:&quot;2019-01-15 16:08:21&quot;,&quot;actualRepaymentDate&quot;:null,&quot;status&quot;:&quot;0&quot;},{&quot;id&quot;:null,&quot;investId&quot;:&quot;4&quot;,&quot;createTime&quot;:&quot;2018-12-15 16:08:21&quot;,&quot;terms&quot;:&quot;2&quot;,&quot;unfinishedInterest&quot;:&quot;1.0&quot;,&quot;unfinishedPrincipal&quot;:&quot;0&quot;,&quot;repaymentDate&quot;:&quot;2019-02-15 16:08:21&quot;,&quot;actualRepaymentDate&quot;:null,&quot;status&quot;:&quot;0&quot;},{&quot;id&quot;:null,&quot;investId&quot;:&quot;4&quot;,&quot;createTime&quot;:&quot;2018-12-15 16:08:21&quot;,&quot;terms&quot;:&quot;3&quot;,&quot;unfinishedInterest&quot;:&quot;1.0&quot;,&quot;unfinishedPrincipal&quot;:&quot;100.00&quot;,&quot;repaymentDate&quot;:&quot;2019-03-15 16:08:21&quot;,&quot;actualRepaymentDate&quot;:null,&quot;status&quot;:&quot;0&quot;},{&quot;id&quot;:null,&quot;investId&quot;:&quot;3&quot;,&quot;createTime&quot;:&quot;2018-12-15 16:08:21&quot;,&quot;terms&quot;:&quot;1&quot;,&quot;unfinishedInterest&quot;:&quot;1.0&quot;,&quot;unfinishedPrincipal&quot;:&quot;0&quot;,&quot;repaymentDate&quot;:&quot;2019-01-15 16:08:21&quot;,&quot;actualRepaymentDate&quot;:null,&quot;status&quot;:&quot;0&quot;},{&quot;id&quot;:null,&quot;investId&quot;:&quot;3&quot;,&quot;createTime&quot;:&quot;2018-12-15 16:08:21&quot;,&quot;terms&quot;:&quot;2&quot;,&quot;unfinishedInterest&quot;:&quot;1.0&quot;,&quot;unfinishedPrincipal&quot;:&quot;0&quot;,&quot;repaymentDate&quot;:&quot;2019-02-15 16:08:21&quot;,&quot;actualRepaymentDate&quot;:null,&quot;status&quot;:&quot;0&quot;},{&quot;id&quot;:null,&quot;investId&quot;:&quot;3&quot;,&quot;createTime&quot;:&quot;2018-12-15 16:08:21&quot;,&quot;terms&quot;:&quot;3&quot;,&quot;unfinishedInterest&quot;:&quot;1.0&quot;,&quot;unfinishedPrincipal&quot;:&quot;100.00&quot;,&quot;repaymentDate&quot;:&quot;2019-03-15 16:08:21&quot;,&quot;actualRepaymentDate&quot;:null,&quot;status&quot;:&quot;0&quot;},{&quot;id&quot;:null,&quot;investId&quot;:&quot;2&quot;,&quot;createTime&quot;:&quot;2018-12-15 16:08:21&quot;,&quot;terms&quot;:&quot;1&quot;,&quot;unfinishedInterest&quot;:&quot;1.0&quot;,&quot;unfinishedPrincipal&quot;:&quot;0&quot;,&quot;repaymentDate&quot;:&quot;2019-01-15 16:08:21&quot;,&quot;actualRepaymentDate&quot;:null,&quot;status&quot;:&quot;0&quot;},{&quot;id&quot;:null,&quot;investId&quot;:&quot;2&quot;,&quot;createTime&quot;:&quot;2018-12-15 16:08:21&quot;,&quot;terms&quot;:&quot;2&quot;,&quot;unfinishedInterest&quot;:&quot;1.0&quot;,&quot;unfinishedPrincipal&quot;:&quot;0&quot;,&quot;repaymentDate&quot;:&quot;2019-02-15 16:08:21&quot;,&quot;actualRepaymentDate&quot;:null,&quot;status&quot;:&quot;0&quot;},{&quot;id&quot;:null,&quot;investId&quot;:&quot;2&quot;,&quot;createTime&quot;:&quot;2018-12-15 16:08:21&quot;,&quot;terms&quot;:&quot;3&quot;,&quot;unfinishedInterest&quot;:&quot;1.0&quot;,&quot;unfinishedPrincipal&quot;:&quot;100.00&quot;,&quot;repaymentDate&quot;:&quot;2019-03-15 16:08:21&quot;,&quot;actualRepaymentDate&quot;:null,&quot;status&quot;:&quot;0&quot;},{&quot;id&quot;:null,&quot;investId&quot;:&quot;1&quot;,&quot;createTime&quot;:&quot;2018-12-15 16:08:21&quot;,&quot;terms&quot;:&quot;1&quot;,&quot;unfinishedInterest&quot;:&quot;1.0&quot;,&quot;unfinishedPrincipal&quot;:&quot;0&quot;,&quot;repaymentDate&quot;:&quot;2019-01-15 16:08:21&quot;,&quot;actualRepaymentDate&quot;:null,&quot;status&quot;:&quot;0&quot;},{&quot;id&quot;:null,&quot;investId&quot;:&quot;1&quot;,&quot;createTime&quot;:&quot;2018-12-15 16:08:21&quot;,&quot;terms&quot;:&quot;2&quot;,&quot;unfinishedInterest&quot;:&quot;1.0&quot;,&quot;unfinishedPrincipal&quot;:&quot;0&quot;,&quot;repaymentDate&quot;:&quot;2019-02-15 16:08:21&quot;,&quot;actualRepaymentDate&quot;:null,&quot;status&quot;:&quot;0&quot;},{&quot;id&quot;:null,&quot;investId&quot;:&quot;1&quot;,&quot;createTime&quot;:&quot;2018-12-15 16:08:21&quot;,&quot;terms&quot;:&quot;3&quot;,&quot;unfinishedInterest&quot;:&quot;1.0&quot;,&quot;unfinishedPrincipal&quot;:&quot;100.00&quot;,&quot;repaymentDate&quot;:&quot;2019-03-15 16:08:21&quot;,&quot;actualRepaymentDate&quot;:null,&quot;status&quot;:&quot;0&quot;}],&quot;msg&quot;:&quot;生成回款计划成功&quot;}]">
      <![CDATA[java.lang.AssertionError: expected [{"status":1,"code":"10001","data":[{"id":null,"investId":"1","createTime":"2018-04-27 12:24:01","terms":"1","unfinishedInterest":"1.0","unfinishedPrincipal":"0","repaymentDate":"2018-05-27 12:24:01","actualRepaymentDate":null,"status":"0"},{"id":null,"investId":"1","createTime":"2018-04-27 12:24:01","terms":"2","unfinishedInterest":"1.0","unfinishedPrincipal":"0","repaymentDate":"2018-06-27 12:24:01","actualRepaymentDate":null,"status":"0"},{"id":null,"investId":"1","createTime":"2018-04-27 12:24:01","terms":"3","unfinishedInterest":"1.0","unfinishedPrincipal":"100.00","repaymentDate":"2018-07-27 12:24:01","actualRepaymentDate":null,"status":"0"}],"msg":"生成回款计划成功"}] but found [{"status":1,"code":"10001","data":[{"id":null,"investId":"16","createTime":"2018-12-15 16:08:21","terms":"1","unfinishedInterest":"1.0","unfinishedPrincipal":"0","repaymentDate":"2019-01-15 16:08:21","actualRepaymentDate":null,"status":"0"},{"id":null,"investId":"16","createTime":"2018-12-15 16:08:21","terms":"2","unfinishedInterest":"1.0","unfinishedPrincipal":"0","repaymentDate":"2019-02-15 16:08:21","actualRepaymentDate":null,"status":"0"},{"id":null,"investId":"16","createTime":"2018-12-15 16:08:21","terms":"3","unfinishedInterest":"1.0","unfinishedPrincipal":"100.00","repaymentDate":"2019-03-15 16:08:21","actualRepaymentDate":null,"status":"0"},{"id":null,"investId":"15","createTime":"2018-12-15 16:08:21","terms":"1","unfinishedInterest":"1.0","unfinishedPrincipal":"0","repaymentDate":"2019-01-15 16:08:21","actualRepaymentDate":null,"status":"0"},{"id":null,"investId":"15","createTime":"2018-12-15 16:08:21","terms":"2","unfinishedInterest":"1.0","unfinishedPrincipal":"0","repaymentDate":"2019-02-15 16:08:21","actualRepaymentDate":null,"status":"0"},{"id":null,"investId":"15","createTime":"2018-12-15 16:08:21","terms":"3","unfinishedInterest":"1.0","unfinishedPrincipal":"100.00","repaymentDate":"2019-03-15 16:08:21","actualRepaymentDate":null,"status":"0"},{"id":null,"investId":"14","createTime":"2018-12-15 16:08:21","terms":"1","unfinishedInterest":"1.0","unfinishedPrincipal":"0","repaymentDate":"2019-01-15 16:08:21","actualRepaymentDate":null,"status":"0"},{"id":null,"investId":"14","createTime":"2018-12-15 16:08:21","terms":"2","unfinishedInterest":"1.0","unfinishedPrincipal":"0","repaymentDate":"2019-02-15 16:08:21","actualRepaymentDate":null,"status":"0"},{"id":null,"investId":"14","createTime":"2018-12-15 16:08:21","terms":"3","unfinishedInterest":"1.0","unfinishedPrincipal":"100.00","repaymentDate":"2019-03-15 16:08:21","actualRepaymentDate":null,"status":"0"},{"id":null,"investId":"13","createTime":"2018-12-15 16:08:21","terms":"1","unfinishedInterest":"1.0","unfinishedPrincipal":"0","repaymentDate":"2019-01-15 16:08:21","actualRepaymentDate":null,"status":"0"},{"id":null,"investId":"13","createTime":"2018-12-15 16:08:21","terms":"2","unfinishedInterest":"1.0","unfinishedPrincipal":"0","repaymentDate":"2019-02-15 16:08:21","actualRepaymentDate":null,"status":"0"},{"id":null,"investId":"13","createTime":"2018-12-15 16:08:21","terms":"3","unfinishedInterest":"1.0","unfinishedPrincipal":"100.00","repaymentDate":"2019-03-15 16:08:21","actualRepaymentDate":null,"status":"0"},{"id":null,"investId":"12","createTime":"2018-12-15 16:08:21","terms":"1","unfinishedInterest":"1.0","unfinishedPrincipal":"0","repaymentDate":"2019-01-15 16:08:21","actualRepaymentDate":null,"status":"0"},{"id":null,"investId":"12","createTime":"2018-12-15 16:08:21","terms":"2","unfinishedInterest":"1.0","unfinishedPrincipal":"0","repaymentDate":"2019-02-15 16:08:21","actualRepaymentDate":null,"status":"0"},{"id":null,"investId":"12","createTime":"2018-12-15 16:08:21","terms":"3","unfinishedInterest":"1.0","unfinishedPrincipal":"100.00","repaymentDate":"2019-03-15 16:08:21","actualRepaymentDate":null,"status":"0"},{"id":null,"investId":"11","createTime":"2018-12-15 16:08:21","terms":"1","unfinishedInterest":"1.0","unfinishedPrincipal":"0","repaymentDate":"2019-01-15 16:08:21","actualRepaymentDate":null,"status":"0"},{"id":null,"investId":"11","createTime":"2018-12-15 16:08:21","terms":"2","unfinishedInterest":"1.0","unfinishedPrincipal":"0","repaymentDate":"2019-02-15 16:08:21","actualRepaymentDate":null,"status":"0"},{"id":null,"investId":"11","createTime":"2018-12-15 16:08:21","terms":"3","unfinishedInterest":"1.0","unfinishedPrincipal":"100.00","repaymentDate":"2019-03-15 16:08:21","actualRepaymentDate":null,"status":"0"},{"id":null,"investId":"10","createTime":"2018-12-15 16:08:21","terms":"1","unfinishedInterest":"1.0","unfinishedPrincipal":"0","repaymentDate":"2019-01-15 16:08:21","actualRepaymentDate":null,"status":"0"},{"id":null,"investId":"10","createTime":"2018-12-15 16:08:21","terms":"2","unfinishedInterest":"1.0","unfinishedPrincipal":"0","repaymentDate":"2019-02-15 16:08:21","actualRepaymentDate":null,"status":"0"},{"id":null,"investId":"10","createTime":"2018-12-15 16:08:21","terms":"3","unfinishedInterest":"1.0","unfinishedPrincipal":"100.00","repaymentDate":"2019-03-15 16:08:21","actualRepaymentDate":null,"status":"0"},{"id":null,"investId":"9","createTime":"2018-12-15 16:08:21","terms":"1","unfinishedInterest":"1.0","unfinishedPrincipal":"0","repaymentDate":"2019-01-15 16:08:21","actualRepaymentDate":null,"status":"0"},{"id":null,"investId":"9","createTime":"2018-12-15 16:08:21","terms":"2","unfinishedInterest":"1.0","unfinishedPrincipal":"0","repaymentDate":"2019-02-15 16:08:21","actualRepaymentDate":null,"status":"0"},{"id":null,"investId":"9","createTime":"2018-12-15 16:08:21","terms":"3","unfinishedInterest":"1.0","unfinishedPrincipal":"100.00","repaymentDate":"2019-03-15 16:08:21","actualRepaymentDate":null,"status":"0"},{"id":null,"investId":"8","createTime":"2018-12-15 16:08:21","terms":"1","unfinishedInterest":"1.0","unfinishedPrincipal":"0","repaymentDate":"2019-01-15 16:08:21","actualRepaymentDate":null,"status":"0"},{"id":null,"investId":"8","createTime":"2018-12-15 16:08:21","terms":"2","unfinishedInterest":"1.0","unfinishedPrincipal":"0","repaymentDate":"2019-02-15 16:08:21","actualRepaymentDate":null,"status":"0"},{"id":null,"investId":"8","createTime":"2018-12-15 16:08:21","terms":"3","unfinishedInterest":"1.0","unfinishedPrincipal":"100.00","repaymentDate":"2019-03-15 16:08:21","actualRepaymentDate":null,"status":"0"},{"id":null,"investId":"7","createTime":"2018-12-15 16:08:21","terms":"1","unfinishedInterest":"1.0","unfinishedPrincipal":"0","repaymentDate":"2019-01-15 16:08:21","actualRepaymentDate":null,"status":"0"},{"id":null,"investId":"7","createTime":"2018-12-15 16:08:21","terms":"2","unfinishedInterest":"1.0","unfinishedPrincipal":"0","repaymentDate":"2019-02-15 16:08:21","actualRepaymentDate":null,"status":"0"},{"id":null,"investId":"7","createTime":"2018-12-15 16:08:21","terms":"3","unfinishedInterest":"1.0","unfinishedPrincipal":"100.00","repaymentDate":"2019-03-15 16:08:21","actualRepaymentDate":null,"status":"0"},{"id":null,"investId":"6","createTime":"2018-12-15 16:08:21","terms":"1","unfinishedInterest":"1.0","unfinishedPrincipal":"0","repaymentDate":"2019-01-15 16:08:21","actualRepaymentDate":null,"status":"0"},{"id":null,"investId":"6","createTime":"2018-12-15 16:08:21","terms":"2","unfinishedInterest":"1.0","unfinishedPrincipal":"0","repaymentDate":"2019-02-15 16:08:21","actualRepaymentDate":null,"status":"0"},{"id":null,"investId":"6","createTime":"2018-12-15 16:08:21","terms":"3","unfinishedInterest":"1.0","unfinishedPrincipal":"100.00","repaymentDate":"2019-03-15 16:08:21","actualRepaymentDate":null,"status":"0"},{"id":null,"investId":"5","createTime":"2018-12-15 16:08:21","terms":"1","unfinishedInterest":"1.0","unfinishedPrincipal":"0","repaymentDate":"2019-01-15 16:08:21","actualRepaymentDate":null,"status":"0"},{"id":null,"investId":"5","createTime":"2018-12-15 16:08:21","terms":"2","unfinishedInterest":"1.0","unfinishedPrincipal":"0","repaymentDate":"2019-02-15 16:08:21","actualRepaymentDate":null,"status":"0"},{"id":null,"investId":"5","createTime":"2018-12-15 16:08:21","terms":"3","unfinishedInterest":"1.0","unfinishedPrincipal":"100.00","repaymentDate":"2019-03-15 16:08:21","actualRepaymentDate":null,"status":"0"},{"id":null,"investId":"4","createTime":"2018-12-15 16:08:21","terms":"1","unfinishedInterest":"1.0","unfinishedPrincipal":"0","repaymentDate":"2019-01-15 16:08:21","actualRepaymentDate":null,"status":"0"},{"id":null,"investId":"4","createTime":"2018-12-15 16:08:21","terms":"2","unfinishedInterest":"1.0","unfinishedPrincipal":"0","repaymentDate":"2019-02-15 16:08:21","actualRepaymentDate":null,"status":"0"},{"id":null,"investId":"4","createTime":"2018-12-15 16:08:21","terms":"3","unfinishedInterest":"1.0","unfinishedPrincipal":"100.00","repaymentDate":"2019-03-15 16:08:21","actualRepaymentDate":null,"status":"0"},{"id":null,"investId":"3","createTime":"2018-12-15 16:08:21","terms":"1","unfinishedInterest":"1.0","unfinishedPrincipal":"0","repaymentDate":"2019-01-15 16:08:21","actualRepaymentDate":null,"status":"0"},{"id":null,"investId":"3","createTime":"2018-12-15 16:08:21","terms":"2","unfinishedInterest":"1.0","unfinishedPrincipal":"0","repaymentDate":"2019-02-15 16:08:21","actualRepaymentDate":null,"status":"0"},{"id":null,"investId":"3","createTime":"2018-12-15 16:08:21","terms":"3","unfinishedInterest":"1.0","unfinishedPrincipal":"100.00","repaymentDate":"2019-03-15 16:08:21","actualRepaymentDate":null,"status":"0"},{"id":null,"investId":"2","createTime":"2018-12-15 16:08:21","terms":"1","unfinishedInterest":"1.0","unfinishedPrincipal":"0","repaymentDate":"2019-01-15 16:08:21","actualRepaymentDate":null,"status":"0"},{"id":null,"investId":"2","createTime":"2018-12-15 16:08:21","terms":"2","unfinishedInterest":"1.0","unfinishedPrincipal":"0","repaymentDate":"2019-02-15 16:08:21","actualRepaymentDate":null,"status":"0"},{"id":null,"investId":"2","createTime":"2018-12-15 16:08:21","terms":"3","unfinishedInterest":"1.0","unfinishedPrincipal":"100.00","repaymentDate":"2019-03-15 16:08:21","actualRepaymentDate":null,"status":"0"},{"id":null,"investId":"1","createTime":"2018-12-15 16:08:21","terms":"1","unfinishedInterest":"1.0","unfinishedPrincipal":"0","repaymentDate":"2019-01-15 16:08:21","actualRepaymentDate":null,"status":"0"},{"id":null,"investId":"1","createTime":"2018-12-15 16:08:21","terms":"2","unfinishedInterest":"1.0","unfinishedPrincipal":"0","repaymentDate":"2019-02-15 16:08:21","actualRepaymentDate":null,"status":"0"},{"id":null,"investId":"1","createTime":"2018-12-15 16:08:21","terms":"3","unfinishedInterest":"1.0","unfinishedPrincipal":"100.00","repaymentDate":"2019-03-15 16:08:21","actualRepaymentDate":null,"status":"0"}],"msg":"生成回款计划成功"}]
	at org.testng.Assert.fail(Assert.java:94)
	at org.testng.Assert.failNotEquals(Assert.java:494)
	at org.testng.Assert.assertEquals(Assert.java:123)
	at org.testng.Assert.assertEquals(Assert.java:176)
	at org.testng.Assert.assertEquals(Assert.java:186)
	at com.lemon.api.auto.testCase.AllTestCase.f(AllTestCase.java:125)
	at sun.reflect.GeneratedMethodAccessor11.invoke(Unknown Source)
	at sun.reflect.DelegatingMethodAccessorImpl.invoke(Unknown Source)
	at java.lang.reflect.Method.invoke(Unknown Source)
	at org.testng.internal.MethodInvocationHelper.invokeMethod(MethodInvocationHelper.java:84)
	at org.testng.internal.Invoker.invokeMethod(Invoker.java:714)
	at org.testng.internal.Invoker.invokeTestMethod(Invoker.java:901)
	at org.testng.internal.Invoker.invokeTestMethods(Invoker.java:1231)
	at org.testng.internal.TestMethodWorker.invokeTestMethods(TestMethodWorker.java:127)
	at org.testng.internal.TestMethodWorker.run(TestMethodWorker.java:111)
	at org.testng.TestRunner.privateRun(TestRunner.java:767)
	at org.testng.TestRunner.run(TestRunner.java:617)
	at org.testng.SuiteRunner.runTest(SuiteRunner.java:348)
	at org.testng.SuiteRunner.runSequentially(SuiteRunner.java:343)
	at org.testng.SuiteRunner.privateRun(SuiteRunner.java:305)
	at org.testng.SuiteRunner.run(SuiteRunner.java:254)
	at org.testng.SuiteRunnerWorker.runSuite(SuiteRunnerWorker.java:52)
	at org.testng.SuiteRunnerWorker.run(SuiteRunnerWorker.java:86)
	at org.testng.TestNG.runSuitesSequentially(TestNG.java:1224)
	at org.testng.TestNG.runSuitesLocally(TestNG.java:1149)
	at org.testng.TestNG.run(TestNG.java:1057)
	at org.testng.remote.RemoteTestNG.run(RemoteTestNG.java:111)
	at org.testng.remote.RemoteTestNG.initAndRun(RemoteTestNG.java:204)
	at org.testng.remote.RemoteTestNG.main(RemoteTestNG.java:175)
]]>
    </error>
  </testcase> <!-- f -->
  <testcase name="f" time="0.027" classname="com.lemon.api.auto.testCase.AllTestCase"/>
  <testcase name="f" time="0.270" classname="com.lemon.api.auto.testCase.AllTestCase">
    <error type="java.lang.AssertionError" message="expected [{&quot;status&quot;:1,&quot;code&quot;:&quot;10001&quot;,&quot;data&quot;:{&quot;id&quot;:80,&quot;regname&quot;:&quot;tom&quot;,&quot;pwd&quot;:&quot;E10ADC3949BA59ABBE56E057F20F883E&quot;,&quot;mobilephone&quot;:&quot;13999999999&quot;,&quot;leaveamount&quot;:&quot;10000.00&quot;,&quot;type&quot;:&quot;1&quot;,&quot;regtime&quot;:&quot;2018-04-26 14:42:36.0&quot;},&quot;msg&quot;:&quot;充值成功&quot;}] but found [{&quot;status&quot;:1,&quot;code&quot;:&quot;10001&quot;,&quot;data&quot;:{&quot;id&quot;:1,&quot;regname&quot;:&quot;aabbcc&quot;,&quot;pwd&quot;:&quot;E10ADC3949BA59ABBE56E057F20F883E&quot;,&quot;mobilephone&quot;:&quot;13999999999&quot;,&quot;leaveamount&quot;:&quot;-800.00&quot;,&quot;type&quot;:&quot;1&quot;,&quot;regtime&quot;:&quot;2018-12-11 22:55:41.0&quot;},&quot;msg&quot;:&quot;充值成功&quot;}]">
      <![CDATA[java.lang.AssertionError: expected [{"status":1,"code":"10001","data":{"id":80,"regname":"tom","pwd":"E10ADC3949BA59ABBE56E057F20F883E","mobilephone":"13999999999","leaveamount":"10000.00","type":"1","regtime":"2018-04-26 14:42:36.0"},"msg":"充值成功"}] but found [{"status":1,"code":"10001","data":{"id":1,"regname":"aabbcc","pwd":"E10ADC3949BA59ABBE56E057F20F883E","mobilephone":"13999999999","leaveamount":"-800.00","type":"1","regtime":"2018-12-11 22:55:41.0"},"msg":"充值成功"}]
	at org.testng.Assert.fail(Assert.java:94)
	at org.testng.Assert.failNotEquals(Assert.java:494)
	at org.testng.Assert.assertEquals(Assert.java:123)
	at org.testng.Assert.assertEquals(Assert.java:176)
	at org.testng.Assert.assertEquals(Assert.java:186)
	at com.lemon.api.auto.testCase.AllTestCase.f(AllTestCase.java:125)
	at sun.reflect.NativeMethodAccessorImpl.invoke0(Native Method)
	at sun.reflect.NativeMethodAccessorImpl.invoke(Unknown Source)
	at sun.reflect.DelegatingMethodAccessorImpl.invoke(Unknown Source)
	at java.lang.reflect.Method.invoke(Unknown Source)
	at org.testng.internal.MethodInvocationHelper.invokeMethod(MethodInvocationHelper.java:84)
	at org.testng.internal.Invoker.invokeMethod(Invoker.java:714)
	at org.testng.internal.Invoker.invokeTestMethod(Invoker.java:901)
	at org.testng.internal.Invoker.invokeTestMethods(Invoker.java:1231)
	at org.testng.internal.TestMethodWorker.invokeTestMethods(TestMethodWorker.java:127)
	at org.testng.internal.TestMethodWorker.run(TestMethodWorker.java:111)
	at org.testng.TestRunner.privateRun(TestRunner.java:767)
	at org.testng.TestRunner.run(TestRunner.java:617)
	at org.testng.SuiteRunner.runTest(SuiteRunner.java:348)
	at org.testng.SuiteRunner.runSequentially(SuiteRunner.java:343)
	at org.testng.SuiteRunner.privateRun(SuiteRunner.java:305)
	at org.testng.SuiteRunner.run(SuiteRunner.java:254)
	at org.testng.SuiteRunnerWorker.runSuite(SuiteRunnerWorker.java:52)
	at org.testng.SuiteRunnerWorker.run(SuiteRunnerWorker.java:86)
	at org.testng.TestNG.runSuitesSequentially(TestNG.java:1224)
	at org.testng.TestNG.runSuitesLocally(TestNG.java:1149)
	at org.testng.TestNG.run(TestNG.java:1057)
	at org.testng.remote.RemoteTestNG.run(RemoteTestNG.java:111)
	at org.testng.remote.RemoteTestNG.initAndRun(RemoteTestNG.java:204)
	at org.testng.remote.RemoteTestNG.main(RemoteTestNG.java:175)
]]>
    </error>
  </testcase> <!-- f -->
  <testcase name="f" time="0.034" classname="com.lemon.api.auto.testCase.AllTestCase">
    <error type="java.lang.AssertionError" message="expected [{&quot;status&quot;:0,&quot;code&quot;:&quot;20117&quot;,&quot;data&quot;:null,&quot;msg&quot;:&quot;请输入范围在0到50万之间的正数金额&quot;}] but found [{&quot;status&quot;:1,&quot;code&quot;:&quot;20119&quot;,&quot;data&quot;:null,&quot;msg&quot;:&quot;余额不足，请修改提现额度&quot;}]">
      <![CDATA[java.lang.AssertionError: expected [{"status":0,"code":"20117","data":null,"msg":"请输入范围在0到50万之间的正数金额"}] but found [{"status":1,"code":"20119","data":null,"msg":"余额不足，请修改提现额度"}]
	at org.testng.Assert.fail(Assert.java:94)
	at org.testng.Assert.failNotEquals(Assert.java:494)
	at org.testng.Assert.assertEquals(Assert.java:123)
	at org.testng.Assert.assertEquals(Assert.java:176)
	at org.testng.Assert.assertEquals(Assert.java:186)
	at com.lemon.api.auto.testCase.AllTestCase.f(AllTestCase.java:125)
	at sun.reflect.GeneratedMethodAccessor11.invoke(Unknown Source)
	at sun.reflect.DelegatingMethodAccessorImpl.invoke(Unknown Source)
	at java.lang.reflect.Method.invoke(Unknown Source)
	at org.testng.internal.MethodInvocationHelper.invokeMethod(MethodInvocationHelper.java:84)
	at org.testng.internal.Invoker.invokeMethod(Invoker.java:714)
	at org.testng.internal.Invoker.invokeTestMethod(Invoker.java:901)
	at org.testng.internal.Invoker.invokeTestMethods(Invoker.java:1231)
	at org.testng.internal.TestMethodWorker.invokeTestMethods(TestMethodWorker.java:127)
	at org.testng.internal.TestMethodWorker.run(TestMethodWorker.java:111)
	at org.testng.TestRunner.privateRun(TestRunner.java:767)
	at org.testng.TestRunner.run(TestRunner.java:617)
	at org.testng.SuiteRunner.runTest(SuiteRunner.java:348)
	at org.testng.SuiteRunner.runSequentially(SuiteRunner.java:343)
	at org.testng.SuiteRunner.privateRun(SuiteRunner.java:305)
	at org.testng.SuiteRunner.run(SuiteRunner.java:254)
	at org.testng.SuiteRunnerWorker.runSuite(SuiteRunnerWorker.java:52)
	at org.testng.SuiteRunnerWorker.run(SuiteRunnerWorker.java:86)
	at org.testng.TestNG.runSuitesSequentially(TestNG.java:1224)
	at org.testng.TestNG.runSuitesLocally(TestNG.java:1149)
	at org.testng.TestNG.run(TestNG.java:1057)
	at org.testng.remote.RemoteTestNG.run(RemoteTestNG.java:111)
	at org.testng.remote.RemoteTestNG.initAndRun(RemoteTestNG.java:204)
	at org.testng.remote.RemoteTestNG.main(RemoteTestNG.java:175)
]]>
    </error>
  </testcase> <!-- f -->
  <testcase name="f" time="0.038" classname="com.lemon.api.auto.testCase.AllTestCase"/>
  <testcase name="f" time="0.029" classname="com.lemon.api.auto.testCase.AllTestCase"/>
  <testcase name="f" time="0.032" classname="com.lemon.api.auto.testCase.AllTestCase">
    <error type="java.lang.AssertionError" message="expected [{&quot;status&quot;:0,&quot;code&quot;:&quot;20103&quot;,data:null,&quot;msg&quot;:&quot;手机号不能为空&quot;}] but found [{&quot;status&quot;:0,&quot;code&quot;:&quot;20103&quot;,&quot;data&quot;:null,&quot;msg&quot;:&quot;手机号不能为空&quot;}]">
      <![CDATA[java.lang.AssertionError: expected [{"status":0,"code":"20103",data:null,"msg":"手机号不能为空"}] but found [{"status":0,"code":"20103","data":null,"msg":"手机号不能为空"}]
	at org.testng.Assert.fail(Assert.java:94)
	at org.testng.Assert.failNotEquals(Assert.java:494)
	at org.testng.Assert.assertEquals(Assert.java:123)
	at org.testng.Assert.assertEquals(Assert.java:176)
	at org.testng.Assert.assertEquals(Assert.java:186)
	at com.lemon.api.auto.testCase.AllTestCase.f(AllTestCase.java:125)
	at sun.reflect.NativeMethodAccessorImpl.invoke0(Native Method)
	at sun.reflect.NativeMethodAccessorImpl.invoke(Unknown Source)
	at sun.reflect.DelegatingMethodAccessorImpl.invoke(Unknown Source)
	at java.lang.reflect.Method.invoke(Unknown Source)
	at org.testng.internal.MethodInvocationHelper.invokeMethod(MethodInvocationHelper.java:84)
	at org.testng.internal.Invoker.invokeMethod(Invoker.java:714)
	at org.testng.internal.Invoker.invokeTestMethod(Invoker.java:901)
	at org.testng.internal.Invoker.invokeTestMethods(Invoker.java:1231)
	at org.testng.internal.TestMethodWorker.invokeTestMethods(TestMethodWorker.java:127)
	at org.testng.internal.TestMethodWorker.run(TestMethodWorker.java:111)
	at org.testng.TestRunner.privateRun(TestRunner.java:767)
	at org.testng.TestRunner.run(TestRunner.java:617)
	at org.testng.SuiteRunner.runTest(SuiteRunner.java:348)
	at org.testng.SuiteRunner.runSequentially(SuiteRunner.java:343)
	at org.testng.SuiteRunner.privateRun(SuiteRunner.java:305)
	at org.testng.SuiteRunner.run(SuiteRunner.java:254)
	at org.testng.SuiteRunnerWorker.runSuite(SuiteRunnerWorker.java:52)
	at org.testng.SuiteRunnerWorker.run(SuiteRunnerWorker.java:86)
	at org.testng.TestNG.runSuitesSequentially(TestNG.java:1224)
	at org.testng.TestNG.runSuitesLocally(TestNG.java:1149)
	at org.testng.TestNG.run(TestNG.java:1057)
	at org.testng.remote.RemoteTestNG.run(RemoteTestNG.java:111)
	at org.testng.remote.RemoteTestNG.initAndRun(RemoteTestNG.java:204)
	at org.testng.remote.RemoteTestNG.main(RemoteTestNG.java:175)
]]>
    </error>
  </testcase> <!-- f -->
  <testcase name="f" time="0.152" classname="com.lemon.api.auto.testCase.AllTestCase"/>
  <testcase name="f" time="0.035" classname="com.lemon.api.auto.testCase.AllTestCase">
    <error type="java.lang.AssertionError" message="expected [{&quot;status&quot;:0,&quot;code&quot;:&quot;20111&quot;,data:null,&quot;msg&quot;:&quot;用户名或密码错误&quot;}] but found [{&quot;status&quot;:0,&quot;code&quot;:&quot;20111&quot;,&quot;data&quot;:null,&quot;msg&quot;:&quot;用户名或密码错误&quot;}]">
      <![CDATA[java.lang.AssertionError: expected [{"status":0,"code":"20111",data:null,"msg":"用户名或密码错误"}] but found [{"status":0,"code":"20111","data":null,"msg":"用户名或密码错误"}]
	at org.testng.Assert.fail(Assert.java:94)
	at org.testng.Assert.failNotEquals(Assert.java:494)
	at org.testng.Assert.assertEquals(Assert.java:123)
	at org.testng.Assert.assertEquals(Assert.java:176)
	at org.testng.Assert.assertEquals(Assert.java:186)
	at com.lemon.api.auto.testCase.AllTestCase.f(AllTestCase.java:125)
	at sun.reflect.NativeMethodAccessorImpl.invoke0(Native Method)
	at sun.reflect.NativeMethodAccessorImpl.invoke(Unknown Source)
	at sun.reflect.DelegatingMethodAccessorImpl.invoke(Unknown Source)
	at java.lang.reflect.Method.invoke(Unknown Source)
	at org.testng.internal.MethodInvocationHelper.invokeMethod(MethodInvocationHelper.java:84)
	at org.testng.internal.Invoker.invokeMethod(Invoker.java:714)
	at org.testng.internal.Invoker.invokeTestMethod(Invoker.java:901)
	at org.testng.internal.Invoker.invokeTestMethods(Invoker.java:1231)
	at org.testng.internal.TestMethodWorker.invokeTestMethods(TestMethodWorker.java:127)
	at org.testng.internal.TestMethodWorker.run(TestMethodWorker.java:111)
	at org.testng.TestRunner.privateRun(TestRunner.java:767)
	at org.testng.TestRunner.run(TestRunner.java:617)
	at org.testng.SuiteRunner.runTest(SuiteRunner.java:348)
	at org.testng.SuiteRunner.runSequentially(SuiteRunner.java:343)
	at org.testng.SuiteRunner.privateRun(SuiteRunner.java:305)
	at org.testng.SuiteRunner.run(SuiteRunner.java:254)
	at org.testng.SuiteRunnerWorker.runSuite(SuiteRunnerWorker.java:52)
	at org.testng.SuiteRunnerWorker.run(SuiteRunnerWorker.java:86)
	at org.testng.TestNG.runSuitesSequentially(TestNG.java:1224)
	at org.testng.TestNG.runSuitesLocally(TestNG.java:1149)
	at org.testng.TestNG.run(TestNG.java:1057)
	at org.testng.remote.RemoteTestNG.run(RemoteTestNG.java:111)
	at org.testng.remote.RemoteTestNG.initAndRun(RemoteTestNG.java:204)
	at org.testng.remote.RemoteTestNG.main(RemoteTestNG.java:175)
]]>
    </error>
  </testcase> <!-- f -->
  <testcase name="f" time="0.032" classname="com.lemon.api.auto.testCase.AllTestCase"/>
  <testcase name="f" time="0.128" classname="com.lemon.api.auto.testCase.AllTestCase"/>
  <testcase name="f" time="0.028" classname="com.lemon.api.auto.testCase.AllTestCase"/>
  <testcase name="f" time="0.022" classname="com.lemon.api.auto.testCase.AllTestCase"/>
  <testcase name="f" time="0.023" classname="com.lemon.api.auto.testCase.AllTestCase"/>
</testsuite> <!-- com.lemon.api.auto.testCase.AllTestCase -->
