<?xml version="1.0" encoding="UTF-8"?>
<!-- Generated by org.testng.reporters.JUnitReportReporter -->
<testsuite hostname="DESKTOP-NCVBLRV" name="com.lemon.api.auto.GetTester" tests="10" failures="0" timestamp="30 Nov 2018 02:33:04 GMT" time="0.968" errors="0">
  <testcase name="f4" time="0.048" classname="com.lemon.api.auto.GetTester"/>
  <testcase name="f4" time="0.039" classname="com.lemon.api.auto.GetTester"/>
  <testcase name="f4" time="0.026" classname="com.lemon.api.auto.GetTester"/>
  <testcase name="f4" time="0.028" classname="com.lemon.api.auto.GetTester"/>
  <testcase name="f4" time="0.601" classname="com.lemon.api.auto.GetTester"/>
  <testcase name="f4" time="0.030" classname="com.lemon.api.auto.GetTester"/>
  <testcase name="f4" time="0.060" classname="com.lemon.api.auto.GetTester"/>
  <testcase name="f4" time="0.036" classname="com.lemon.api.auto.GetTester"/>
  <testcase name="f4" time="0.069" classname="com.lemon.api.auto.GetTester"/>
  <testcase name="f4" time="0.031" classname="com.lemon.api.auto.GetTester"/>
</testsuite> <!-- com.lemon.api.auto.GetTester -->
